var expr=require('express');
const hbs=require('hbs');
const fs= require('fs');
var app =expr();
hbs.registerPartials(__dirname + '/Views/partials')     /* this is advanced templates */
app.set('View engine','hbs');
hbs.registerHelper('getCurrentYear',()=>{
	return new Date().getFullYear()
});
hbs.registerHelper('screamIt',(text)=>{
	return text.toUpperCase();
}); 
app.use((req,res,next)=>{                                /* this is middleware function */
var now=new Date().toString();
var log=`${now}:${req.method} ${req.url}`;
console.log(log);
fs.appendFile('app.log',log + '/n');
next();
});	
//app.use(expr.static(__dirname + '/Public'));
app.get('/',(req,res)=>{
//res.send('<h1>This is the Introduction pages</h1>');
 /* var Introduction={
	  'name':'Satyam',
	  'Section':'D1619'
  }
  
  res.send(Introduction);*/
  res.render('home.hbs',{
	  pageTitle:'Home Page',
	  welcomeMessage:'Welcome to my website',
	  currentYear:new Date().getFullYear()
  });
});
app.get('/about',(req,res)=>{
/*app.get('/Courses',(req,res)=>{
	//res.send('<h1>This is Courses page</h1>');
	 var course={
	  'CAP906':'Python',
	  'CAP918':'Multiplatform Mobile APP',
	  'CAP907':'Information System'
  }
  res.send(course);*/
  res.render('about.hbs',{
	  pageTitle:'About Page',
	  currentYear:new Date().getFullYear()
  });
});
app.get('/contact-details',(req,res)=>{
	
	  res.render('contact-details.hbs',{
	  emailid:'satyam94302@gmail.com',
	  contact:8010980961,
	  address:'7A/140,Near katwarai sarai ,New delhi [110016]'  
  });
});
app.get('/examination',(req,res)=>{
	
	  res.render('examination.hbs',{
	  CAP907:'O',
	  CAP906:'A+',
	  CAP918:'A'
  });
});
app.get('/academic',(req,res)=>{
	
	  res.render('academic.hbs',{
	  CAP907:'Information System',
	  CAP906:'Python',
	  CAP918:'Node js'
  });
});

app.get('/self_details',(req,res)=>{
	
	  res.render('self_details.hbs',{
	  name:'satyam kumar',
	  registration_no:11609548,
	  section:'D1619',
	  batch:2016-2019
  });
});

app.use(expr.static(__dirname + '/Private'));
app.get('/Grades',(req,res)=>{
	//res.send('<h1>This is Grades pages</h1>');
	var grades={
	  'CAP906':'A',
	  'CAP918':'B+',
	  'CAP907':'A+'
  }
  res.send(grades);
});
app.get('/Marks',(req,res)=>{
	//res.send('<h1>This is Marks pages</h1>');
	var marks={
	  'CAP906':'70',
	  'CAP918':'80',
	  'CAP907':'90'
  }
  res.send(marks);
});
app.get('/Attendance',(req,res)=>{
	//res.send('<h1>This is Marks pages</h1>');
	var attendance={
	  'CAP906':'70%',
	  'CAP918':'80%',
	  'CAP907':'90%'
  }
  res.send(attendance);
});
app.listen(3000);Fri Mar 15 2019 13:22:00 GMT+0530 (India Standard Time):GET //nFri Mar 15 2019 13:22:03 GMT+0530 (India Standard Time):GET /Academic/nFri Mar 15 2019 13:22:05 GMT+0530 (India Standard Time):GET //nFri Mar 15 2019 13:22:06 GMT+0530 (India Standard Time):GET /Self_deatils/nFri Mar 15 2019 13:22:10 GMT+0530 (India Standard Time):GET //nFri Mar 15 2019 13:22:15 GMT+0530 (India Standard Time):GET /Self_deatils/nFri Mar 15 2019 13:22:19 GMT+0530 (India Standard Time):GET //nFri Mar 15 2019 13:23:41 GMT+0530 (India Standard Time):GET //nFri Mar 15 2019 13:23:42 GMT+0530 (India Standard Time):GET //nFri Mar 15 2019 13:23:42 GMT+0530 (India Standard Time):GET //nFri Mar 15 2019 13:23:42 GMT+0530 (India Standard Time):GET //nFri Mar 15 2019 13:23:43 GMT+0530 (India Standard Time):GET //nFri Mar 15 2019 13:23:44 GMT+0530 (India Standard Time):GET //nFri Mar 15 2019 13:23:45 GMT+0530 (India Standard Time):GET //nFri Mar 15 2019 13:23:45 GMT+0530 (India Standard Time):GET //nFri Mar 15 2019 13:23:45 GMT+0530 (India Standard Time):GET //nFri Mar 15 2019 13:23:45 GMT+0530 (India Standard Time):GET //nFri Mar 15 2019 13:23:46 GMT+0530 (India Standard Time):GET /Academic/nFri Mar 15 2019 13:23:49 GMT+0530 (India Standard Time):GET /Academic/nFri Mar 15 2019 13:23:49 GMT+0530 (India Standard Time):GET /Academic/nFri Mar 15 2019 13:23:49 GMT+0530 (India Standard Time):GET /Academic/nFri Mar 15 2019 13:23:50 GMT+0530 (India Standard Time):GET /Academic/nFri Mar 15 2019 13:23:50 GMT+0530 (India Standard Time):GET /Academic/nFri Mar 15 2019 13:23:58 GMT+0530 (India Standard Time):GET /Academic//nFri Mar 15 2019 13:24:08 GMT+0530 (India Standard Time):GET /academic/nFri Mar 15 2019 13:24:18 GMT+0530 (India Standard Time):GET /examination//nFri Mar 15 2019 13:26:47 GMT+0530 (India Standard Time):GET /examination//nFri Mar 15 2019 13:26:48 GMT+0530 (India Standard Time):GET /examination//nFri Mar 15 2019 13:26:49 GMT+0530 (India Standard Time):GET /examination//nFri Mar 15 2019 13:26:49 GMT+0530 (India Standard Time):GET /examination//nFri Mar 15 2019 13:26:49 GMT+0530 (India Standard Time):GET /examination//nFri Mar 15 2019 13:26:49 GMT+0530 (India Standard Time):GET /examination//nFri Mar 15 2019 13:26:49 GMT+0530 (India Standard Time):GET /examination//nFri Mar 15 2019 13:27:07 GMT+0530 (India Standard Time):GET //nFri Mar 15 2019 13:27:09 GMT+0530 (India Standard Time):GET //nFri Mar 15 2019 13:27:10 GMT+0530 (India Standard Time):GET //nFri Mar 15 2019 13:27:10 GMT+0530 (India Standard Time):GET //nFri Mar 15 2019 13:27:11 GMT+0530 (India Standard Time):GET //nFri Mar 15 2019 13:27:11 GMT+0530 (India Standard Time):GET //nFri Mar 15 2019 13:27:11 GMT+0530 (India Standard Time):GET //nFri Mar 15 2019 13:27:13 GMT+0530 (India Standard Time):GET /Academic/nFri Mar 15 2019 13:30:56 GMT+0530 (India Standard Time):GET /Academic/nFri Mar 15 2019 13:30:57 GMT+0530 (India Standard Time):GET /Academic/nFri Mar 15 2019 13:30:57 GMT+0530 (India Standard Time):GET /Academic/nFri Mar 15 2019 13:30:57 GMT+0530 (India Standard Time):GET /Academic/nFri Mar 15 2019 13:31:05 GMT+0530 (India Standard Time):GET //nFri Mar 15 2019 13:31:08 GMT+0530 (India Standard Time):GET //nFri Mar 15 2019 13:31:09 GMT+0530 (India Standard Time):GET //nFri Mar 15 2019 13:31:09 GMT+0530 (India Standard Time):GET //nFri Mar 15 2019 13:31:09 GMT+0530 (India Standard Time):GET //nFri Mar 15 2019 13:31:09 GMT+0530 (India Standard Time):GET //nFri Mar 15 2019 13:31:09 GMT+0530 (India Standard Time):GET //nFri Mar 15 2019 13:31:10 GMT+0530 (India Standard Time):GET //nFri Mar 15 2019 13:31:10 GMT+0530 (India Standard Time):GET //nFri Mar 15 2019 13:31:11 GMT+0530 (India Standard Time):GET /Academic/nFri Mar 15 2019 13:31:15 GMT+0530 (India Standard Time):GET /Self_deatils/nFri Mar 15 2019 13:33:03 GMT+0530 (India Standard Time):GET //nFri Mar 15 2019 13:33:05 GMT+0530 (India Standard Time):GET /examination/nFri Mar 15 2019 13:33:13 GMT+0530 (India Standard Time):GET /academic/nFri Mar 15 2019 13:33:18 GMT+0530 (India Standard Time):GET /self_details/nFri Mar 15 2019 13:37:12 GMT+0530 (India Standard Time):GET /self_details/nFri Mar 15 2019 13:38:30 GMT+0530 (India Standard Time):GET /self_details/nFri Mar 15 2019 13:38:40 GMT+0530 (India Standard Time):GET //nFri Mar 15 2019 13:38:42 GMT+0530 (India Standard Time):GET /examination/nFri Mar 15 2019 13:39:12 GMT+0530 (India Standard Time):GET /academic/nFri Mar 15 2019 13:39:25 GMT+0530 (India Standard Time):GET /self_details/nFri Mar 15 2019 13:39:42 GMT+0530 (India Standard Time):GET //nFri Mar 15 2019 13:51:10 GMT+0530 (India Standard Time):GET //nFri Mar 15 2019 13:51:38 GMT+0530 (India Standard Time):GET //nFri Mar 15 2019 13:51:42 GMT+0530 (India Standard Time):GET //nFri Mar 15 2019 13:55:29 GMT+0530 (India Standard Time):GET //nFri Mar 15 2019 13:57:18 GMT+0530 (India Standard Time):GET //nFri Mar 15 2019 13:57:20 GMT+0530 (India Standard Time):GET //nFri Mar 15 2019 14:04:46 GMT+0530 (India Standard Time):GET //nFri Mar 15 2019 14:06:40 GMT+0530 (India Standard Time):GET //nFri Mar 15 2019 14:06:41 GMT+0530 (India Standard Time):GET //nFri Mar 15 2019 14:06:41 GMT+0530 (India Standard Time):GET //nFri Mar 15 2019 14:06:42 GMT+0530 (India Standard Time):GET //nFri Mar 15 2019 14:06:42 GMT+0530 (India Standard Time):GET //nFri Mar 15 2019 14:06:42 GMT+0530 (India Standard Time):GET //nFri Mar 15 2019 14:06:42 GMT+0530 (India Standard Time):GET //nFri Mar 15 2019 14:06:42 GMT+0530 (India Standard Time):GET //nFri Mar 15 2019 14:10:44 GMT+0530 (India Standard Time):GET //nFri Mar 15 2019 14:10:46 GMT+0530 (India Standard Time):GET //nFri Mar 15 2019 14:24:32 GMT+0530 (India Standard Time):GET //nFri Mar 15 2019 14:24:33 GMT+0530 (India Standard Time):GET //nFri Mar 15 2019 14:24:33 GMT+0530 (India Standard Time):GET //nFri Mar 15 2019 14:24:33 GMT+0530 (India Standard Time):GET //nFri Mar 15 2019 14:24:34 GMT+0530 (India Standard Time):GET //nFri Mar 15 2019 14:24:34 GMT+0530 (India Standard Time):GET //nFri Mar 15 2019 14:24:34 GMT+0530 (India Standard Time):GET //nFri Mar 15 2019 14:24:34 GMT+0530 (India Standard Time):GET //nFri Mar 15 2019 14:24:34 GMT+0530 (India Standard Time):GET //nFri Mar 15 2019 14:24:35 GMT+0530 (India Standard Time):GET //nFri Mar 15 2019 14:24:35 GMT+0530 (India Standard Time):GET //nFri Mar 15 2019 14:24:35 GMT+0530 (India Standard Time):GET //nFri Mar 15 2019 14:24:36 GMT+0530 (India Standard Time):GET //nFri Mar 15 2019 14:24:36 GMT+0530 (India Standard Time):GET //nFri Mar 15 2019 14:27:05 GMT+0530 (India Standard Time):GET //nFri Mar 15 2019 14:27:06 GMT+0530 (India Standard Time):GET //nFri Mar 15 2019 14:27:07 GMT+0530 (India Standard Time):GET //nFri Mar 15 2019 14:27:07 GMT+0530 (India Standard Time):GET //nFri Mar 15 2019 14:27:07 GMT+0530 (India Standard Time):GET //nFri Mar 15 2019 14:28:37 GMT+0530 (India Standard Time):GET //nFri Mar 15 2019 14:28:38 GMT+0530 (India Standard Time):GET //nFri Mar 15 2019 14:28:38 GMT+0530 (India Standard Time):GET //nFri Mar 15 2019 14:28:53 GMT+0530 (India Standard Time):GET //nFri Mar 15 2019 14:29:08 GMT+0530 (India Standard Time):GET //nFri Mar 15 2019 14:29:09 GMT+0530 (India Standard Time):GET /about/nFri Mar 15 2019 14:34:15 GMT+0530 (India Standard Time):GET //nFri Mar 15 2019 14:35:49 GMT+0530 (India Standard Time):GET //nFri Mar 15 2019 14:35:51 GMT+0530 (India Standard Time):GET /examination/nFri Mar 15 2019 14:36:09 GMT+0530 (India Standard Time):GET //nFri Mar 15 2019 14:36:11 GMT+0530 (India Standard Time):GET /academic/nFri Mar 15 2019 14:37:34 GMT+0530 (India Standard Time):GET /academic/nWed Mar 20 2019 13:18:32 GMT+0530 (India Standard Time):GET / / ::1 localhost/nWed Mar 20 2019 13:18:33 GMT+0530 (India Standard Time):GET /favicon.ico /favicon.ico ::1 localhost/nWed Mar 20 2019 13:18:38 GMT+0530 (India Standard Time):GET /examination /examination ::1 localhost/nWed Mar 20 2019 13:18:44 GMT+0530 (India Standard Time):GET /academic /academic ::1 localhost/nWed Mar 20 2019 13:18:48 GMT+0530 (India Standard Time):GET /self_details /self_details ::1 localhost/nWed Mar 20 2019 13:18:57 GMT+0530 (India Standard Time):GET / / ::1 localhost/nWed Mar 20 2019 13:19:00 GMT+0530 (India Standard Time):GET / / ::1 localhost/nWed Mar 20 2019 13:19:02 GMT+0530 (India Standard Time):GET /about /about ::1 localhost/nFri Apr 05 2019 18:29:10 GMT+0530 (India Standard Time):GET / / ::1 localhost/nFri Apr 05 2019 18:29:10 GMT+0530 (India Standard Time):GET /favicon.ico /favicon.ico ::1 localhost/nFri Apr 05 2019 18:31:22 GMT+0530 (India Standard Time):GET / / ::1 localhost/nFri Apr 05 2019 18:31:25 GMT+0530 (India Standard Time):GET / / ::1 localhost/nFri Apr 05 2019 18:31:27 GMT+0530 (India Standard Time):GET / / ::1 localhost/nFri Apr 05 2019 18:31:28 GMT+0530 (India Standard Time):GET / / ::1 localhost/nFri Apr 05 2019 18:31:28 GMT+0530 (India Standard Time):GET / / ::1 localhost/nFri Apr 05 2019 18:31:29 GMT+0530 (India Standard Time):GET / / ::1 localhost/nFri Apr 05 2019 18:31:29 GMT+0530 (India Standard Time):GET / / ::1 localhost/nFri Apr 05 2019 18:31:29 GMT+0530 (India Standard Time):GET / / ::1 localhost/nFri Apr 05 2019 18:31:29 GMT+0530 (India Standard Time):GET / / ::1 localhost/nFri Apr 05 2019 18:31:30 GMT+0530 (India Standard Time):GET /about /about ::1 localhost/nFri Apr 05 2019 18:31:34 GMT+0530 (India Standard Time):GET /examination /examination ::1 localhost/nFri Apr 05 2019 18:31:37 GMT+0530 (India Standard Time):GET /academic /academic ::1 localhost/nFri Apr 05 2019 18:31:42 GMT+0530 (India Standard Time):GET /self_details /self_details ::1 localhost/nFri Apr 05 2019 18:40:40 GMT+0530 (India Standard Time):GET / / ::1 localhost/nFri Apr 05 2019 18:40:43 GMT+0530 (India Standard Time):GET /about /about ::1 localhost/nFri Apr 05 2019 18:52:13 GMT+0530 (India Standard Time):GET / / ::1 localhost/nFri Apr 05 2019 18:52:13 GMT+0530 (India Standard Time):GET /favicon.ico /favicon.ico ::1 localhost/nFri Apr 05 2019 18:52:16 GMT+0530 (India Standard Time):GET /examination /examination ::1 localhost/n